DEBUG | 2023-07-27 08:41:18,252 | Module: baecon_logger | Line: 35 
 	 :: Method main(gui_fields: baecon.GUI.gui_utils.GUI_fields, meas_data: baecon.data.Measurement_Data) -> None was called with args (GUI_fields(plot_data={}, scan_dev_files={}, acq_dev_files={}, exp_name='', exp_file='', engine_name='', engine_file='', scan_file='', averages=1, data_auto_save='', data_folder='', data_file='', data_file_format='', data_analysis='', plot_active=False, abort_measurement=False), Measurement_Data(data_template=<xarray.DataArray ()>
array(nan), data_current_scan=<xarray.DataArray ()>
array(nan), data_set=<xarray.Dataset>
Dimensions:  ()
Data variables:
    *empty*, processed_data=<xarray.Dataset>
Dimensions:  ()
Data variables:
    *empty*)). ::
DEBUG | 2023-07-27 08:41:18,255 | Module: baecon_logger | Line: 35 
 	 :: Method update_file_format(new_format: str, gui_fields: baecon.GUI.gui_utils.GUI_fields) -> None was called with args ('', GUI_fields(plot_data={}, scan_dev_files={}, acq_dev_files={}, exp_name='', exp_file='', engine_name='', engine_file='', scan_file='', averages=1, data_auto_save='', data_folder='', data_file='2023_07_27_0_', data_file_format='', data_analysis='', plot_active=False, abort_measurement=False)). ::
DEBUG | 2023-07-27 08:41:18,256 | Module: baecon_logger | Line: 35 
 	 :: Method save_as_button(alt_data_file_name: baecon.GUI.gui_utils.Holder, meas_data: baecon.data.Measurement_Data, date_prefix: str, meas_number: str) -> None was called with args (Holder(value=''), Measurement_Data(data_template=<xarray.DataArray ()>
array(nan), data_current_scan=<xarray.DataArray ()>
array(nan), data_set=<xarray.Dataset>
Dimensions:  ()
Data variables:
    *empty*, processed_data=<xarray.Dataset>
Dimensions:  ()
Data variables:
    *empty*), Holder(value='2023_07_27'), Holder(value='0')). ::
DEBUG | 2023-07-27 08:47:19,603 | Module: baecon_logger | Line: 35 
 	 :: Method update_file_name(gui_fields: baecon.GUI.gui_utils.GUI_fields) -> None was called with args (GUI_fields(plot_data={}, scan_dev_files={'SG1': ''}, acq_dev_files={'Daq1': ''}, exp_name='y', exp_file='', engine_name='', engine_file='', scan_file='C:\\Users\\walsworth1\\Documents\\Jupyter_Notebooks\\baecon\\src\\baecon\\Configuration_Files\\Scans\\SRS_freq_scan.toml', averages=1, data_auto_save='', data_folder='', data_file='2023_07_27_0_', data_file_format='', data_analysis='', plot_active=False, abort_measurement=False)). ::
DEBUG | 2023-07-27 08:47:19,794 | Module: baecon_logger | Line: 35 
 	 :: Method update_file_name(gui_fields: baecon.GUI.gui_utils.GUI_fields) -> None was called with args (GUI_fields(plot_data={}, scan_dev_files={'SG1': ''}, acq_dev_files={'Daq1': ''}, exp_name='yo', exp_file='', engine_name='', engine_file='', scan_file='C:\\Users\\walsworth1\\Documents\\Jupyter_Notebooks\\baecon\\src\\baecon\\Configuration_Files\\Scans\\SRS_freq_scan.toml', averages=1, data_auto_save='', data_folder='', data_file='2023_07_27_0_y', data_file_format='', data_analysis='', plot_active=False, abort_measurement=False)). ::
DEBUG | 2023-07-27 08:47:19,997 | Module: baecon_logger | Line: 35 
 	 :: Method update_file_name(gui_fields: baecon.GUI.gui_utils.GUI_fields) -> None was called with args (GUI_fields(plot_data={}, scan_dev_files={'SG1': ''}, acq_dev_files={'Daq1': ''}, exp_name='yol', exp_file='', engine_name='', engine_file='', scan_file='C:\\Users\\walsworth1\\Documents\\Jupyter_Notebooks\\baecon\\src\\baecon\\Configuration_Files\\Scans\\SRS_freq_scan.toml', averages=1, data_auto_save='', data_folder='', data_file='2023_07_27_0_yo', data_file_format='', data_analysis='', plot_active=False, abort_measurement=False)). ::
DEBUG | 2023-07-27 08:47:20,177 | Module: baecon_logger | Line: 35 
 	 :: Method update_file_name(gui_fields: baecon.GUI.gui_utils.GUI_fields) -> None was called with args (GUI_fields(plot_data={}, scan_dev_files={'SG1': ''}, acq_dev_files={'Daq1': ''}, exp_name='yolo', exp_file='', engine_name='', engine_file='', scan_file='C:\\Users\\walsworth1\\Documents\\Jupyter_Notebooks\\baecon\\src\\baecon\\Configuration_Files\\Scans\\SRS_freq_scan.toml', averages=1, data_auto_save='', data_folder='', data_file='2023_07_27_0_yol', data_file_format='', data_analysis='', plot_active=False, abort_measurement=False)). ::
DEBUG | 2023-07-27 08:47:20,289 | Module: baecon_logger | Line: 35 
 	 :: Method update_file_name(gui_fields: baecon.GUI.gui_utils.GUI_fields) -> None was called with args (GUI_fields(plot_data={}, scan_dev_files={'SG1': ''}, acq_dev_files={'Daq1': ''}, exp_name='yoloy', exp_file='', engine_name='', engine_file='', scan_file='C:\\Users\\walsworth1\\Documents\\Jupyter_Notebooks\\baecon\\src\\baecon\\Configuration_Files\\Scans\\SRS_freq_scan.toml', averages=1, data_auto_save='', data_folder='', data_file='2023_07_27_0_yolo', data_file_format='', data_analysis='', plot_active=False, abort_measurement=False)). ::
