DEBUG | 2023-07-26 14:58:26,605 | Module: baecon_logger | Line: 35 
 	 :: Method main(gui_fields: baecon.GUI.gui_utils.GUI_fields, meas_data: baecon.data.Measurement_Data) -> None was called with args (GUI_fields(plot_data={}, scan_dev_files={}, acq_dev_files={}, exp_name='', exp_file='', engine_name='', engine_file='', scan_file='', averages=1, data_auto_save='', data_folder='', data_file='', data_file_format='', data_analysis='', plot_active=False, abort_measurement=False), Measurement_Data(data_template=<xarray.DataArray ()>
array(nan), data_current_scan=<xarray.DataArray ()>
array(nan), data_set=<xarray.Dataset>
Dimensions:  ()
Data variables:
    *empty*, processed_data=<xarray.Dataset>
Dimensions:  ()
Data variables:
    *empty*)). ::
DEBUG | 2023-07-26 14:58:26,608 | Module: baecon_logger | Line: 35 
 	 :: Method update_file_format(new_format: str, gui_fields: baecon.GUI.gui_utils.GUI_fields) -> None was called with args ('', GUI_fields(plot_data={}, scan_dev_files={}, acq_dev_files={}, exp_name='', exp_file='', engine_name='', engine_file='', scan_file='', averages=1, data_auto_save='', data_folder='', data_file='2023_07_26_0_', data_file_format='', data_analysis='', plot_active=False, abort_measurement=False)). ::
DEBUG | 2023-07-26 14:58:26,609 | Module: baecon_logger | Line: 35 
 	 :: Method save_as_button(alt_data_file_name: baecon.GUI.gui_utils.Holder, meas_data: baecon.data.Measurement_Data, date_prefix: str, meas_number: str) -> None was called with args (Holder(value=''), Measurement_Data(data_template=<xarray.DataArray ()>
array(nan), data_current_scan=<xarray.DataArray ()>
array(nan), data_set=<xarray.Dataset>
Dimensions:  ()
Data variables:
    *empty*, processed_data=<xarray.Dataset>
Dimensions:  ()
Data variables:
    *empty*), Holder(value='2023_07_26'), Holder(value='0')). ::
